<?xml version="1.0" encoding="UTF-8" ?>
<testsuites>
 <testsuite name="When a Pharm Admin is on the optimizations page and there are opportunities" timestamp="2019-05-04T01:39:26" hostname="localhost" time="79.358" errors="0" tests="4" skipped="3" failures="1">
  <testcase classname="When a Pharm Admin is on the optimizations page and there are opportunities" name="Should be able to get useful information on an IR opportunity" time="0.006"><skipped />
  </testcase>
  <testcase classname="When a Pharm Admin is on the optimizations page and there are opportunities" name="Should be able to add a note to an opportunity" time="0.001"><skipped />
  </testcase>
  <testcase classname="When a Pharm Admin is on the optimizations page and there are opportunities" name="Should be able to view more details of an opportunity" time="0"><skipped />
  </testcase>
  <testcase classname="When a Pharm Admin is on the optimizations page and there are opportunities" name="Should be able to Accept an IR opportunity and move to In Progress status" time="79.347">
   <failure type="toBe" message="Expected false to be true, &amp;apos;IR Submisison failed&amp;apos;."><![CDATA[Error: Failed expectation
    at C:\Users\Admin1\source\repos\omnicell\PC-Workflow.Web\source\e2e\smoke\pharmAdmin.optimization.e2e-spec.ts:123:84
    at elementArrayFinder_.then (C:\Users\Admin1\AppData\Roaming\npm\node_modules\protractor\built\element.js:804:32)
    at ManagedPromise.invokeCallback_ (C:\Users\Admin1\AppData\Roaming\npm\node_modules\protractor\node_modules\selenium-webdriver\lib\promise.js:1376:14)
    at TaskQueue.execute_ (C:\Users\Admin1\AppData\Roaming\npm\node_modules\protractor\node_modules\selenium-webdriver\lib\promise.js:3084:14)
    at TaskQueue.executeNext_ (C:\Users\Admin1\AppData\Roaming\npm\node_modules\protractor\node_modules\selenium-webdriver\lib\promise.js:3067:27)
    at asyncRun (C:\Users\Admin1\AppData\Roaming\npm\node_modules\protractor\node_modules\selenium-webdriver\lib\promise.js:2927:27)
    at C:\Users\Admin1\AppData\Roaming\npm\node_modules\protractor\node_modules\selenium-webdriver\lib\promise.js:668:7
    at process._tickCallback (internal/process/next_tick.js:68:7)]]>
   </failure>
   <failure type="exception" message="Failed: No element found using locator: By(xpath, //span[contains(text(),&amp;apos;DONE&amp;apos;)])"><![CDATA[NoSuchElementError: No element found using locator: By(xpath, //span[contains(text(),'DONE')])
    at elementArrayFinder.getWebElements.then (C:\Users\Admin1\AppData\Roaming\npm\node_modules\protractor\built\element.js:814:27)
    at ManagedPromise.invokeCallback_ (C:\Users\Admin1\AppData\Roaming\npm\node_modules\protractor\node_modules\selenium-webdriver\lib\promise.js:1376:14)
    at TaskQueue.execute_ (C:\Users\Admin1\AppData\Roaming\npm\node_modules\protractor\node_modules\selenium-webdriver\lib\promise.js:3084:14)
    at TaskQueue.executeNext_ (C:\Users\Admin1\AppData\Roaming\npm\node_modules\protractor\node_modules\selenium-webdriver\lib\promise.js:3067:27)
    at asyncRun (C:\Users\Admin1\AppData\Roaming\npm\node_modules\protractor\node_modules\selenium-webdriver\lib\promise.js:2927:27)
    at C:\Users\Admin1\AppData\Roaming\npm\node_modules\protractor\node_modules\selenium-webdriver\lib\promise.js:668:7
    at process._tickCallback (internal/process/next_tick.js:68:7)Error
    at ElementArrayFinder.applyAction_ (C:\Users\Admin1\AppData\Roaming\npm\node_modules\protractor\built\element.js:459:27)
    at ElementArrayFinder.(anonymous function).args [as click] (C:\Users\Admin1\AppData\Roaming\npm\node_modules\protractor\built\element.js:91:29)
    at ElementFinder.(anonymous function).args [as click] (C:\Users\Admin1\AppData\Roaming\npm\node_modules\protractor\built\element.js:831:22)
    at C:\Users\Admin1\source\repos\omnicell\PC-Workflow.Web\source\e2e\smoke\pharmAdmin.optimization.e2e-spec.ts:124:37
    at elementArrayFinder_.then (C:\Users\Admin1\AppData\Roaming\npm\node_modules\protractor\built\element.js:804:32)
    at ManagedPromise.invokeCallback_ (C:\Users\Admin1\AppData\Roaming\npm\node_modules\protractor\node_modules\selenium-webdriver\lib\promise.js:1376:14)
    at TaskQueue.execute_ (C:\Users\Admin1\AppData\Roaming\npm\node_modules\protractor\node_modules\selenium-webdriver\lib\promise.js:3084:14)
    at TaskQueue.executeNext_ (C:\Users\Admin1\AppData\Roaming\npm\node_modules\protractor\node_modules\selenium-webdriver\lib\promise.js:3067:27)
    at asyncRun (C:\Users\Admin1\AppData\Roaming\npm\node_modules\protractor\node_modules\selenium-webdriver\lib\promise.js:2927:27)
    at C:\Users\Admin1\AppData\Roaming\npm\node_modules\protractor\node_modules\selenium-webdriver\lib\promise.js:668:7
From: Task: Run it("Should be able to Accept an IR opportunity and move to In Progress status") in control flow
    at UserContext.<anonymous> (C:\Users\Admin1\AppData\Roaming\npm\node_modules\protractor\node_modules\jasminewd2\index.js:94:19)
    at attempt (C:\Users\Admin1\AppData\Roaming\npm\node_modules\protractor\node_modules\jasmine-core\lib\jasmine-core\jasmine.js:4297:26)
    at QueueRunner.run (C:\Users\Admin1\AppData\Roaming\npm\node_modules\protractor\node_modules\jasmine-core\lib\jasmine-core\jasmine.js:4217:20)
    at runNext (C:\Users\Admin1\AppData\Roaming\npm\node_modules\protractor\node_modules\jasmine-core\lib\jasmine-core\jasmine.js:4257:20)
    at C:\Users\Admin1\AppData\Roaming\npm\node_modules\protractor\node_modules\jasmine-core\lib\jasmine-core\jasmine.js:4264:13
    at C:\Users\Admin1\AppData\Roaming\npm\node_modules\protractor\node_modules\jasmine-core\lib\jasmine-core\jasmine.js:4172:9
    at C:\Users\Admin1\AppData\Roaming\npm\node_modules\protractor\node_modules\jasminewd2\index.js:64:48
    at ControlFlow.emit (C:\Users\Admin1\AppData\Roaming\npm\node_modules\protractor\node_modules\selenium-webdriver\lib\events.js:62:21)
    at ControlFlow.shutdown_ (C:\Users\Admin1\AppData\Roaming\npm\node_modules\protractor\node_modules\selenium-webdriver\lib\promise.js:2674:10)
    at shutdownTask_.MicroTask (C:\Users\Admin1\AppData\Roaming\npm\node_modules\protractor\node_modules\selenium-webdriver\lib\promise.js:2599:53)
From asynchronous test: 
Error
    at Suite.<anonymous> (C:\Users\Admin1\source\repos\omnicell\PC-Workflow.Web\source\e2e\smoke\pharmAdmin.optimization.e2e-spec.ts:105:5)
    at addSpecsToSuite (C:\Users\Admin1\AppData\Roaming\npm\node_modules\protractor\node_modules\jasmine-core\lib\jasmine-core\jasmine.js:1107:25)
    at Env.describe (C:\Users\Admin1\AppData\Roaming\npm\node_modules\protractor\node_modules\jasmine-core\lib\jasmine-core\jasmine.js:1074:7)
    at describe (C:\Users\Admin1\AppData\Roaming\npm\node_modules\protractor\node_modules\jasmine-core\lib\jasmine-core\jasmine.js:4399:18)
    at Object.<anonymous> (C:\Users\Admin1\source\repos\omnicell\PC-Workflow.Web\source\e2e\smoke\pharmAdmin.optimization.e2e-spec.ts:46:1)
    at Module._compile (internal/modules/cjs/loader.js:689:30)
    at Module.m._compile (C:\Users\Admin1\source\repos\omnicell\PC-Workflow.Web\source\node_modules\ts-node\src\index.ts:400:23)
    at Module._extensions..js (internal/modules/cjs/loader.js:700:10)
    at Object.require.extensions.(anonymous function) [as .ts] (C:\Users\Admin1\source\repos\omnicell\PC-Workflow.Web\source\node_modules\ts-node\src\index.ts:403:12)]]>
   </failure>
  </testcase>
 </testsuite>
</testsuites>